<?xml version="1.0" encoding="UTF-8"?>
<testsuite xmlns:xsi="http://www.w3.org/2001/XMLSchema-instance" xsi:noNamespaceSchemaLocation="https://maven.apache.org/surefire/maven-surefire-plugin/xsd/surefire-test-report-3.0.xsd" version="3.0" name="RESTAssuredTests.PostIntegrationTests" time="46.938" tests="5" errors="0" skipped="0" failures="0">
  <properties>
[...]
</properties>
  <testcase name="postSuccessfullyDeleted_when_sendRequestWithValidData" classname="RESTAssuredTests.PostIntegrationTests" time="8.914">
    <system-out><![CDATA[&amp#27;[34m========================================================================&amp#27;[0m
Create user request body: 
{
  "authorities": [
    "ROLE_USER"
  ],
  "category": {
    "id": 153
  },
  "confirmPassword": "hgr5ql3dpdmpjg1",
  "email": "Wyatt@yahoo.com",
  "password": "hgr5ql3dpdmpjg1",
  "username": "Wyatt"
}

&amp#27;[32mUser with name Wyatt and id 39 was created&amp#27;[0m
&amp#27;[34m========================================================================&amp#27;[0m
&amp#27;[32mUser with username: Wyatt successfully authenticated in the system.&amp#27;[0m
&amp#27;[34m========================================================================&amp#27;[0m
Create post request body: 
{
  "content": "bzxtuzs13eyq",
  "picture": "https://s3.amazonaws.com/uifaces/faces/twitter/begreative/128.jpg",
  "public": true
}

Create post response body: 
{
    "postId": 10,
    "content": "bzxtuzs13eyq",
    "picture": "https://s3.amazonaws.com/uifaces/faces/twitter/begreative/128.jpg",
    "date": "18/10/2023 23:33:55",
    "likes": [
        
    ],
    "comments": [
        
    ],
    "rank": 10,
    "public": true,
    "category": {
        "id": 153,
        "name": "Veterinarian"
    },
    "liked": false
}

&amp#27;[34m========================================================================&amp#27;[0m
&amp#27;[32mPost with id: 10 successfully deleted.&amp#27;[0m
&amp#27;[34m========================================================================&amp#27;[0m
&amp#27;[32mUser with 39 id successfully deleted.&amp#27;[0m
&amp#27;[34m========================================================================&amp#27;[0m
]]></system-out>
  </testcase>
  <testcase name="postEditSuccessfully_when_sendRequestWithValidData" classname="RESTAssuredTests.PostIntegrationTests" time="9.221">
    <system-out><![CDATA[&amp#27;[34m========================================================================&amp#27;[0m
Create user request body: 
{
  "authorities": [
    "ROLE_USER"
  ],
  "category": {
    "id": 107
  },
  "confirmPassword": "uh13lvoig",
  "email": "Twyla@gmail.com",
  "password": "uh13lvoig",
  "username": "Twyla"
}

&amp#27;[32mUser with name Twyla and id 40 was created&amp#27;[0m
&amp#27;[34m========================================================================&amp#27;[0m
&amp#27;[32mUser with username: Twyla successfully authenticated in the system.&amp#27;[0m
&amp#27;[34m========================================================================&amp#27;[0m
Create post request body: 
{
  "content": "muscvgwqo62q6",
  "picture": "https://s3.amazonaws.com/uifaces/faces/twitter/kevka/128.jpg",
  "public": true
}

Create post response body: 
{
    "postId": 11,
    "content": "muscvgwqo62q6",
    "picture": "https://s3.amazonaws.com/uifaces/faces/twitter/kevka/128.jpg",
    "date": "18/10/2023 23:34:04",
    "likes": [
        
    ],
    "comments": [
        
    ],
    "rank": 11,
    "public": true,
    "category": {
        "id": 107,
        "name": "Bus driver"
    },
    "liked": false
}

&amp#27;[34m========================================================================&amp#27;[0m
&amp#27;[34m========================================================================&amp#27;[0m
&amp#27;[32mRequest bodyEdit: {
  "content": "uruu5gsx",
  "picture": "https://s3.amazonaws.com/uifaces/faces/twitter/r_oy/128.jpg",
  "public": true
}&amp#27;[0m
&amp#27;[32mPost with id: 11 successfully deleted.&amp#27;[0m
&amp#27;[34m========================================================================&amp#27;[0m
&amp#27;[32mUser with 40 id successfully deleted.&amp#27;[0m
&amp#27;[34m========================================================================&amp#27;[0m
]]></system-out>
  </testcase>
  <testcase name="postSuccessfullyCreated_when_sendRequestWithValidBody" classname="RESTAssuredTests.PostIntegrationTests" time="8.704">
    <system-out><![CDATA[&amp#27;[34m========================================================================&amp#27;[0m
Create user request body: 
{
  "authorities": [
    "ROLE_USER"
  ],
  "category": {
    "id": 108
  },
  "confirmPassword": "1xw2wbb89v4b0jq",
  "email": "Emmaline@yahoo.com",
  "password": "1xw2wbb89v4b0jq",
  "username": "Emmaline"
}

&amp#27;[32mUser with name Emmaline and id 41 was created&amp#27;[0m
&amp#27;[34m========================================================================&amp#27;[0m
&amp#27;[32mUser with username: Emmaline successfully authenticated in the system.&amp#27;[0m
&amp#27;[34m========================================================================&amp#27;[0m
Create post request body: 
{
  "content": "69wzow3o6ud",
  "picture": "https://s3.amazonaws.com/uifaces/faces/twitter/illyzoren/128.jpg",
  "public": true
}

Create post response body: 
{
    "postId": 12,
    "content": "69wzow3o6ud",
    "picture": "https://s3.amazonaws.com/uifaces/faces/twitter/illyzoren/128.jpg",
    "date": "18/10/2023 23:34:13",
    "likes": [
        
    ],
    "comments": [
        
    ],
    "rank": 12,
    "public": true,
    "category": {
        "id": 108,
        "name": "Car service"
    },
    "liked": false
}

&amp#27;[34m========================================================================&amp#27;[0m
&amp#27;[32mPost with id: 12 successfully deleted.&amp#27;[0m
&amp#27;[34m========================================================================&amp#27;[0m
&amp#27;[32mUser with 41 id successfully deleted.&amp#27;[0m
&amp#27;[34m========================================================================&amp#27;[0m
]]></system-out>
  </testcase>
  <testcase name="postSuccessfullyDisliked_when_sendRequestWithValidData" classname="RESTAssuredTests.PostIntegrationTests" time="10.476">
    <system-out><![CDATA[&amp#27;[34m========================================================================&amp#27;[0m
Create user request body: 
{
  "authorities": [
    "ROLE_USER"
  ],
  "category": {
    "id": 151
  },
  "confirmPassword": "mh2dvpxdd",
  "email": "Bonnie@gmail.com",
  "password": "mh2dvpxdd",
  "username": "Bonnie"
}

&amp#27;[32mUser with name Bonnie and id 42 was created&amp#27;[0m
&amp#27;[34m========================================================================&amp#27;[0m
&amp#27;[32mUser with username: Bonnie successfully authenticated in the system.&amp#27;[0m
&amp#27;[34m========================================================================&amp#27;[0m
Create post request body: 
{
  "content": "new7u2naax",
  "picture": "https://s3.amazonaws.com/uifaces/faces/twitter/VinThomas/128.jpg",
  "public": true
}

Create post response body: 
{
    "postId": 13,
    "content": "new7u2naax",
    "picture": "https://s3.amazonaws.com/uifaces/faces/twitter/VinThomas/128.jpg",
    "date": "18/10/2023 23:34:22",
    "likes": [
        
    ],
    "comments": [
        
    ],
    "rank": 13,
    "public": true,
    "category": {
        "id": 151,
        "name": "Translator"
    },
    "liked": false
}

&amp#27;[34m========================================================================&amp#27;[0m
&amp#27;[32mSending like request for post with id: 13 
&amp#27;[0m
Like post response body: 
{
    "postId": 13,
    "content": "new7u2naax",
    "picture": "https://s3.amazonaws.com/uifaces/faces/twitter/VinThomas/128.jpg",
    "date": "18/10/2023 23:34:22",
    "likes": [
        {
            "userId": 42,
            "username": "Bonnie",
            "expertiseProfile": {
                "id": 42,
                "skills": [
                    
                ],
                "category": {
                    "id": 151,
                    "name": "Translator"
                },
                "availability": 0.0
            },
            "enabled": true,
            "accountNonLocked": true,
            "credentialsNonExpired": true,
            "accountNonExpired": true
        }
    ],
    "comments": [
        
    ],
    "rank": 14,
    "public": true,
    "hibernateLazyInitializer": {
        
    },
    "category": {
        "id": 151,
        "name": "Translator"
    },
    "liked": true
}

&amp#27;[34m========================================================================&amp#27;[0m
&amp#27;[32mSending dislike request for post with id: 13 
&amp#27;[0m
Dislike post response body: 
{
    "postId": 13,
    "content": "new7u2naax",
    "picture": "https://s3.amazonaws.com/uifaces/faces/twitter/VinThomas/128.jpg",
    "date": "18/10/2023 23:34:22",
    "likes": [
        
    ],
    "comments": [
        
    ],
    "rank": 13,
    "public": true,
    "hibernateLazyInitializer": {
        
    },
    "category": {
        "id": 151,
        "name": "Translator"
    },
    "liked": false
}

&amp#27;[34m========================================================================&amp#27;[0m
&amp#27;[32mPost with id: 13 successfully deleted.&amp#27;[0m
&amp#27;[34m========================================================================&amp#27;[0m
&amp#27;[32mUser with 42 id successfully deleted.&amp#27;[0m
&amp#27;[34m========================================================================&amp#27;[0m
]]></system-out>
  </testcase>
  <testcase name="postSuccessfullyLiked_when_sendRequestWithValidBody" classname="RESTAssuredTests.PostIntegrationTests" time="9.622">
    <system-out><![CDATA[&amp#27;[34m========================================================================&amp#27;[0m
Create user request body: 
{
  "authorities": [
    "ROLE_USER"
  ],
  "category": {
    "id": 131
  },
  "confirmPassword": "a0lv3lkqf9yr",
  "email": "Elyse@hotmail.com",
  "password": "a0lv3lkqf9yr",
  "username": "Elyse"
}

&amp#27;[32mUser with name Elyse and id 43 was created&amp#27;[0m
&amp#27;[34m========================================================================&amp#27;[0m
&amp#27;[32mUser with username: Elyse successfully authenticated in the system.&amp#27;[0m
&amp#27;[34m========================================================================&amp#27;[0m
Create post request body: 
{
  "content": "92c1kflthw6x12",
  "picture": "https://s3.amazonaws.com/uifaces/faces/twitter/apriendeau/128.jpg",
  "public": true
}

Create post response body: 
{
    "postId": 14,
    "content": "92c1kflthw6x12",
    "picture": "https://s3.amazonaws.com/uifaces/faces/twitter/apriendeau/128.jpg",
    "date": "18/10/2023 23:34:33",
    "likes": [
        
    ],
    "comments": [
        
    ],
    "rank": 14,
    "public": true,
    "category": {
        "id": 131,
        "name": "Nurses"
    },
    "liked": false
}

&amp#27;[34m========================================================================&amp#27;[0m
&amp#27;[32mSending like request for post with id: 14 
&amp#27;[0m
Like post response body: 
{
    "postId": 14,
    "content": "92c1kflthw6x12",
    "picture": "https://s3.amazonaws.com/uifaces/faces/twitter/apriendeau/128.jpg",
    "date": "18/10/2023 23:34:33",
    "likes": [
        {
            "userId": 43,
            "username": "Elyse",
            "expertiseProfile": {
                "id": 43,
                "skills": [
                    
                ],
                "category": {
                    "id": 131,
                    "name": "Nurses"
                },
                "availability": 0.0
            },
            "enabled": true,
            "accountNonLocked": true,
            "credentialsNonExpired": true,
            "accountNonExpired": true
        }
    ],
    "comments": [
        
    ],
    "rank": 15,
    "public": true,
    "hibernateLazyInitializer": {
        
    },
    "category": {
        "id": 131,
        "name": "Nurses"
    },
    "liked": true
}

&amp#27;[34m========================================================================&amp#27;[0m
&amp#27;[32mPost with id: 14 successfully deleted.&amp#27;[0m
&amp#27;[34m========================================================================&amp#27;[0m
&amp#27;[32mUser with 43 id successfully deleted.&amp#27;[0m
&amp#27;[34m========================================================================&amp#27;[0m
]]></system-out>
  </testcase>
</testsuite>