<?xml version="1.0" encoding="UTF-8"?>
<testsuite xmlns:xsi="http://www.w3.org/2001/XMLSchema-instance" xsi:noNamespaceSchemaLocation="https://maven.apache.org/surefire/maven-surefire-plugin/xsd/surefire-test-report-3.0.xsd" version="3.0" name="RESTAssuredTests.CommentsIntegrationTests" time="54.98" tests="5" errors="0" skipped="0" failures="0">
  <properties>
[...]
</properties>
  <testcase name="commentEditedSuccessfully_when_serverReturnsStatusCode200" classname="RESTAssuredTests.CommentsIntegrationTests" time="12.33">
    <system-out><![CDATA[&amp#27;[34m========================================================================&amp#27;[0m
Create user request body: 
{
  "authorities": [
    "ROLE_USER"
  ],
  "category": {
    "id": 111
  },
  "confirmPassword": "wdum2178xyiaax",
  "email": "Roselle@gmail.com",
  "password": "wdum2178xyiaax",
  "username": "Roselle"
}

&amp#27;[32mUser with name Roselle and id 1 was created&amp#27;[0m
&amp#27;[34m========================================================================&amp#27;[0m
&amp#27;[32mUser with username: Roselle successfully authenticated in the system.&amp#27;[0m
&amp#27;[34m========================================================================&amp#27;[0m
Create post request body: 
{
  "content": "uhz2slfket5s",
  "picture": "https://s3.amazonaws.com/uifaces/faces/twitter/victorDubugras/128.jpg",
  "public": true
}

Create post response body: 
{
    "postId": 1,
    "content": "uhz2slfket5s",
    "picture": "https://s3.amazonaws.com/uifaces/faces/twitter/victorDubugras/128.jpg",
    "date": "19/10/2023 18:26:56",
    "likes": [
        
    ],
    "comments": [
        
    ],
    "rank": 1,
    "public": true,
    "category": {
        "id": 111,
        "name": "Dentist"
    },
    "liked": false
}

&amp#27;[34m========================================================================&amp#27;[0m
Create comment request body: 
{
  "content": "q6mn2ppb0ts",
  "postId": "1",
  "userId": "1"
}

Create comment response body: 
{
    "commentId": 1,
    "content": "q6mn2ppb0ts",
    "likes": [
        
    ],
    "date": "19/10/2023 18:26:57",
    "liked": false
}

&amp#27;[34m========================================================================&amp#27;[0m
&amp#27;[32mComment with id: 1 successfully edited.&amp#27;[0m
&amp#27;[34m========================================================================&amp#27;[0m
&amp#27;[32mComment with id: 1 successfully deleted.&amp#27;[0m
&amp#27;[34m========================================================================&amp#27;[0m
&amp#27;[32mPost with id: 1 successfully deleted.&amp#27;[0m
&amp#27;[34m========================================================================&amp#27;[0m
&amp#27;[32mUser with 1 id successfully deleted.&amp#27;[0m
&amp#27;[34m========================================================================&amp#27;[0m
]]></system-out>
  </testcase>
  <testcase name="commentSuccessfullyLiked_when_serverReturnsStatusCode200" classname="RESTAssuredTests.CommentsIntegrationTests" time="10.822">
    <system-out><![CDATA[&amp#27;[34m========================================================================&amp#27;[0m
Create user request body: 
{
  "authorities": [
    "ROLE_USER"
  ],
  "category": {
    "id": 106
  },
  "confirmPassword": "rin9g3fdj",
  "email": "Sylvester@hotmail.com",
  "password": "rin9g3fdj",
  "username": "Sylvester"
}

&amp#27;[32mUser with name Sylvester and id 2 was created&amp#27;[0m
&amp#27;[34m========================================================================&amp#27;[0m
&amp#27;[32mUser with username: Sylvester successfully authenticated in the system.&amp#27;[0m
&amp#27;[34m========================================================================&amp#27;[0m
Create post request body: 
{
  "content": "it6zwzu0nwqhgml",
  "picture": "https://s3.amazonaws.com/uifaces/faces/twitter/elliotlewis/128.jpg",
  "public": true
}

Create post response body: 
{
    "postId": 2,
    "content": "it6zwzu0nwqhgml",
    "picture": "https://s3.amazonaws.com/uifaces/faces/twitter/elliotlewis/128.jpg",
    "date": "19/10/2023 18:27:07",
    "likes": [
        
    ],
    "comments": [
        
    ],
    "rank": 2,
    "public": true,
    "category": {
        "id": 106,
        "name": "Baker"
    },
    "liked": false
}

&amp#27;[34m========================================================================&amp#27;[0m
Create comment request body: 
{
  "content": "9dxto4tyjny8k0",
  "postId": "2",
  "userId": "2"
}

Create comment response body: 
{
    "commentId": 2,
    "content": "9dxto4tyjny8k0",
    "likes": [
        
    ],
    "date": "19/10/2023 18:27:08",
    "liked": false
}

&amp#27;[34m========================================================================&amp#27;[0m
&amp#27;[32mLike comment with id: 2.
&amp#27;[0m
Like comment response body: 
{
    "commentId": 2,
    "content": "9dxto4tyjny8k0",
    "likes": [
        {
            "userId": 2,
            "username": "Sylvester",
            "expertiseProfile": {
                "id": 2,
                "skills": [
                    
                ],
                "category": {
                    "id": 106,
                    "name": "Baker"
                },
                "availability": 0.0
            },
            "enabled": true,
            "credentialsNonExpired": true,
            "accountNonExpired": true,
            "accountNonLocked": true
        }
    ],
    "date": "19/10/2023 18:27:08",
    "liked": true,
    "hibernateLazyInitializer": {
        
    }
}

&amp#27;[34m========================================================================&amp#27;[0m
&amp#27;[32mComment with id: 2 successfully deleted.&amp#27;[0m
&amp#27;[34m========================================================================&amp#27;[0m
&amp#27;[32mPost with id: 2 successfully deleted.&amp#27;[0m
&amp#27;[34m========================================================================&amp#27;[0m
&amp#27;[32mUser with 2 id successfully deleted.&amp#27;[0m
&amp#27;[34m========================================================================&amp#27;[0m
]]></system-out>
  </testcase>
  <testcase name="commentSuccessfullyDeleted_when_sendRequestWithValidBody" classname="RESTAssuredTests.CommentsIntegrationTests" time="10.247">
    <system-out><![CDATA[&amp#27;[34m========================================================================&amp#27;[0m
Create user request body: 
{
  "authorities": [
    "ROLE_USER"
  ],
  "category": {
    "id": 121
  },
  "confirmPassword": "rj7bybltmx9mq",
  "email": "Nicolette@gmail.com",
  "password": "rj7bybltmx9mq",
  "username": "Nicolette"
}

&amp#27;[32mUser with name Nicolette and id 3 was created&amp#27;[0m
&amp#27;[34m========================================================================&amp#27;[0m
&amp#27;[32mUser with username: Nicolette successfully authenticated in the system.&amp#27;[0m
&amp#27;[34m========================================================================&amp#27;[0m
Create post request body: 
{
  "content": "vx9un37ok2t",
  "picture": "https://s3.amazonaws.com/uifaces/faces/twitter/shadeed9/128.jpg",
  "public": true
}

Create post response body: 
{
    "postId": 3,
    "content": "vx9un37ok2t",
    "picture": "https://s3.amazonaws.com/uifaces/faces/twitter/shadeed9/128.jpg",
    "date": "19/10/2023 18:27:18",
    "likes": [
        
    ],
    "comments": [
        
    ],
    "rank": 3,
    "public": true,
    "category": {
        "id": 121,
        "name": "Journalist"
    },
    "liked": false
}

&amp#27;[34m========================================================================&amp#27;[0m
Create comment request body: 
{
  "content": "5k6ck2bh7g",
  "postId": "3",
  "userId": "3"
}

Create comment response body: 
{
    "commentId": 3,
    "content": "5k6ck2bh7g",
    "likes": [
        
    ],
    "date": "19/10/2023 18:27:19",
    "liked": false
}

&amp#27;[34m========================================================================&amp#27;[0m
&amp#27;[32mComment with id: 3 successfully deleted.&amp#27;[0m
&amp#27;[34m========================================================================&amp#27;[0m
&amp#27;[32mPost with id: 3 successfully deleted.&amp#27;[0m
&amp#27;[34m========================================================================&amp#27;[0m
&amp#27;[32mUser with 3 id successfully deleted.&amp#27;[0m
&amp#27;[34m========================================================================&amp#27;[0m
]]></system-out>
  </testcase>
  <testcase name="commentSuccessfullyCreated_when_serverReturnsStatusCode200" classname="RESTAssuredTests.CommentsIntegrationTests" time="10.044">
    <system-out><![CDATA[&amp#27;[34m========================================================================&amp#27;[0m
Create user request body: 
{
  "authorities": [
    "ROLE_USER"
  ],
  "category": {
    "id": 124
  },
  "confirmPassword": "jufhsnfs10gfl3",
  "email": "Leonardo@yahoo.com",
  "password": "jufhsnfs10gfl3",
  "username": "Leonardo"
}

&amp#27;[32mUser with name Leonardo and id 4 was created&amp#27;[0m
&amp#27;[34m========================================================================&amp#27;[0m
&amp#27;[32mUser with username: Leonardo successfully authenticated in the system.&amp#27;[0m
&amp#27;[34m========================================================================&amp#27;[0m
Create post request body: 
{
  "content": "j8xam94aqzpnxsz",
  "picture": "https://s3.amazonaws.com/uifaces/faces/twitter/ZacharyZorbas/128.jpg",
  "public": true
}

Create post response body: 
{
    "postId": 4,
    "content": "j8xam94aqzpnxsz",
    "picture": "https://s3.amazonaws.com/uifaces/faces/twitter/ZacharyZorbas/128.jpg",
    "date": "19/10/2023 18:27:28",
    "likes": [
        
    ],
    "comments": [
        
    ],
    "rank": 4,
    "public": true,
    "category": {
        "id": 124,
        "name": "Lecturer"
    },
    "liked": false
}

&amp#27;[34m========================================================================&amp#27;[0m
Create comment request body: 
{
  "content": "stnmotu88tuqou",
  "postId": "4",
  "userId": "4"
}

Create comment response body: 
{
    "commentId": 4,
    "content": "stnmotu88tuqou",
    "likes": [
        
    ],
    "date": "19/10/2023 18:27:29",
    "liked": false
}

&amp#27;[34m========================================================================&amp#27;[0m
&amp#27;[32mComment with id: 4 successfully deleted.&amp#27;[0m
&amp#27;[34m========================================================================&amp#27;[0m
&amp#27;[32mPost with id: 4 successfully deleted.&amp#27;[0m
&amp#27;[34m========================================================================&amp#27;[0m
&amp#27;[32mUser with 4 id successfully deleted.&amp#27;[0m
&amp#27;[34m========================================================================&amp#27;[0m
]]></system-out>
  </testcase>
  <testcase name="commentSuccessfullyDisliked_when_serverReturnsStatusCode200" classname="RESTAssuredTests.CommentsIntegrationTests" time="11.52">
    <system-out><![CDATA[&amp#27;[34m========================================================================&amp#27;[0m
Create user request body: 
{
  "authorities": [
    "ROLE_USER"
  ],
  "category": {
    "id": 130
  },
  "confirmPassword": "uaqspv6m1awmn4",
  "email": "Prudence@yahoo.com",
  "password": "uaqspv6m1awmn4",
  "username": "Prudence"
}

&amp#27;[32mUser with name Prudence and id 5 was created&amp#27;[0m
&amp#27;[34m========================================================================&amp#27;[0m
&amp#27;[32mUser with username: Prudence successfully authenticated in the system.&amp#27;[0m
&amp#27;[34m========================================================================&amp#27;[0m
Create post request body: 
{
  "content": "vxrtro3ipa",
  "picture": "https://s3.amazonaws.com/uifaces/faces/twitter/areus/128.jpg",
  "public": true
}

Create post response body: 
{
    "postId": 5,
    "content": "vxrtro3ipa",
    "picture": "https://s3.amazonaws.com/uifaces/faces/twitter/areus/128.jpg",
    "date": "19/10/2023 18:27:38",
    "likes": [
        
    ],
    "comments": [
        
    ],
    "rank": 5,
    "public": true,
    "category": {
        "id": 130,
        "name": "Newsreader"
    },
    "liked": false
}

&amp#27;[34m========================================================================&amp#27;[0m
Create comment request body: 
{
  "content": "wif31x2xl7",
  "postId": "5",
  "userId": "5"
}

Create comment response body: 
{
    "commentId": 5,
    "content": "wif31x2xl7",
    "likes": [
        
    ],
    "date": "19/10/2023 18:27:39",
    "liked": false
}

&amp#27;[34m========================================================================&amp#27;[0m
&amp#27;[32mLike comment with id: 5.
&amp#27;[0m
Like comment response body: 
{
    "commentId": 5,
    "content": "wif31x2xl7",
    "likes": [
        {
            "userId": 5,
            "username": "Prudence",
            "expertiseProfile": {
                "id": 5,
                "skills": [
                    
                ],
                "category": {
                    "id": 130,
                    "name": "Newsreader"
                },
                "availability": 0.0
            },
            "enabled": true,
            "credentialsNonExpired": true,
            "accountNonExpired": true,
            "accountNonLocked": true
        }
    ],
    "date": "19/10/2023 18:27:39",
    "liked": true,
    "hibernateLazyInitializer": {
        
    }
}

&amp#27;[34m========================================================================&amp#27;[0m
&amp#27;[32mDislike comment with id: 5.
&amp#27;[0m
Dislike comment response body: 
{
    "commentId": 5,
    "content": "wif31x2xl7",
    "likes": [
        
    ],
    "date": "19/10/2023 18:27:39",
    "liked": false,
    "hibernateLazyInitializer": {
        
    }
}

&amp#27;[34m========================================================================&amp#27;[0m
&amp#27;[32mComment with id: 5 successfully deleted.&amp#27;[0m
&amp#27;[34m========================================================================&amp#27;[0m
&amp#27;[32mPost with id: 5 successfully deleted.&amp#27;[0m
&amp#27;[34m========================================================================&amp#27;[0m
&amp#27;[32mUser with 5 id successfully deleted.&amp#27;[0m
&amp#27;[34m========================================================================&amp#27;[0m
]]></system-out>
  </testcase>
</testsuite>