<?xml version="1.0" encoding="UTF-8"?>
<testsuite xmlns:xsi="http://www.w3.org/2001/XMLSchema-instance" xsi:noNamespaceSchemaLocation="https://maven.apache.org/surefire/maven-surefire-plugin/xsd/surefire-test-report-3.0.xsd" version="3.0" name="SeleniumTests.ProfileManagementTests" time="83.622" tests="7" errors="0" skipped="2" failures="1">
  <properties>
[...]
</properties>
  <testcase name="userSuccessfullyEditPersonalData_when_fillFieldsWithValidInformation" classname="SeleniumTests.ProfileManagementTests" time="14.396">
    <system-out><![CDATA[&amp#27;[34m========================================================================&amp#27;[0m
Create user request body: 
{
  "authorities": [
    "ROLE_USER"
  ],
  "category": {
    "id": 119
  },
  "confirmPassword": "ae3pdaja",
  "email": "Shawna@yahoo.com",
  "password": "ae3pdaja",
  "username": "Shawna"
}

&amp#27;[32mUser with name Shawna and id 717 was created&amp#27;[0m
&amp#27;[34m========================================================================&amp#27;[0m
]]></system-out>
    <system-err><![CDATA[Oct 18, 2023 3:17:07 AM org.openqa.selenium.devtools.CdpVersionFinder findNearestMatch
WARNING: Unable to find an exact match for CDP version 118, so returning the closest version found: 115
]]></system-err>
  </testcase>
  <testcase name="userSuccessfullyUpdateFirstAndLastName_when_fillFirstNameAndLastNameFields" classname="SeleniumTests.ProfileManagementTests" time="14.598">
    <system-out><![CDATA[&amp#27;[34m========================================================================&amp#27;[0m
Create user request body: 
{
  "authorities": [
    "ROLE_USER"
  ],
  "category": {
    "id": 139
  },
  "confirmPassword": "fhz0idvb1dzikm6",
  "email": "Eloisa@yahoo.com",
  "password": "fhz0idvb1dzikm6",
  "username": "Eloisa"
}

&amp#27;[32mUser with name Eloisa and id 718 was created&amp#27;[0m
&amp#27;[34m========================================================================&amp#27;[0m
]]></system-out>
    <system-err><![CDATA[Oct 18, 2023 3:17:21 AM org.openqa.selenium.devtools.CdpVersionFinder findNearestMatch
WARNING: Unable to find an exact match for CDP version 118, so returning the closest version found: 115
]]></system-err>
  </testcase>
  <testcase name="userSuccessfullyUpdateSkill_when_fillSkillForm" classname="SeleniumTests.ProfileManagementTests" time="25.231">
    <system-out><![CDATA[&amp#27;[34m========================================================================&amp#27;[0m
Create user request body: 
{
  "authorities": [
    "ROLE_USER"
  ],
  "category": {
    "id": 104
  },
  "confirmPassword": "yzvlpp8ljb",
  "email": "Naoma@hotmail.com",
  "password": "yzvlpp8ljb",
  "username": "Naoma"
}

&amp#27;[32mUser with name Naoma and id 719 was created&amp#27;[0m
&amp#27;[34m========================================================================&amp#27;[0m
]]></system-out>
    <system-err><![CDATA[Oct 18, 2023 3:17:36 AM org.openqa.selenium.devtools.CdpVersionFinder findNearestMatch
WARNING: Unable to find an exact match for CDP version 118, so returning the closest version found: 115
]]></system-err>
  </testcase>
  <testcase name="userSuccessfullyUpdateEmail_when_fillEmailField" classname="SeleniumTests.ProfileManagementTests" time="14.65">
    <system-out><![CDATA[&amp#27;[34m========================================================================&amp#27;[0m
Create user request body: 
{
  "authorities": [
    "ROLE_USER"
  ],
  "category": {
    "id": 138
  },
  "confirmPassword": "1tf3r8pvr0qip",
  "email": "Randal@yahoo.com",
  "password": "1tf3r8pvr0qip",
  "username": "Randal"
}

&amp#27;[32mUser with name Randal and id 720 was created&amp#27;[0m
&amp#27;[34m========================================================================&amp#27;[0m
]]></system-out>
    <system-err><![CDATA[Oct 18, 2023 3:18:01 AM org.openqa.selenium.devtools.CdpVersionFinder findNearestMatch
WARNING: Unable to find an exact match for CDP version 118, so returning the closest version found: 115
]]></system-err>
  </testcase>
  <testcase name="userSuccessfullyUpdateBirthDate_when_fillBirthDateField" classname="SeleniumTests.ProfileManagementTests" time="14.745">
    <failure message="expected: &lt;1966-11-13&gt; but was: &lt;1966-11-12&gt;" type="org.opentest4j.AssertionFailedError"><![CDATA[org.opentest4j.AssertionFailedError: expected: <1966-11-13> but was: <1966-11-12>
	at org.junit.jupiter.api.AssertionFailureBuilder.build(AssertionFailureBuilder.java:151)
	at org.junit.jupiter.api.AssertionFailureBuilder.buildAndThrow(AssertionFailureBuilder.java:132)
	at org.junit.jupiter.api.AssertEquals.failNotEqual(AssertEquals.java:197)
	at org.junit.jupiter.api.AssertEquals.assertEquals(AssertEquals.java:182)
	at org.junit.jupiter.api.AssertEquals.assertEquals(AssertEquals.java:177)
	at org.junit.jupiter.api.Assertions.assertEquals(Assertions.java:1141)
	at pages.PersonalProfilePage.assertColumnValueEquals(PersonalProfilePage.java:59)
	at SeleniumTests.ProfileManagementTests.userSuccessfullyUpdateBirthDate_when_fillBirthDateField(ProfileManagementTests.java:85)
	at java.base/java.lang.reflect.Method.invoke(Method.java:566)
	at java.base/java.util.ArrayList.forEach(ArrayList.java:1541)
	at java.base/java.util.ArrayList.forEach(ArrayList.java:1541)
]]></failure>
    <system-out><![CDATA[&amp#27;[34m========================================================================&amp#27;[0m
Create user request body: 
{
  "authorities": [
    "ROLE_USER"
  ],
  "category": {
    "id": 130
  },
  "confirmPassword": "peq7f6zhf3c",
  "email": "Reginia@gmail.com",
  "password": "peq7f6zhf3c",
  "username": "Reginia"
}

&amp#27;[32mUser with name Reginia and id 721 was created&amp#27;[0m
&amp#27;[34m========================================================================&amp#27;[0m
]]></system-out>
    <system-err><![CDATA[Oct 18, 2023 3:18:15 AM org.openqa.selenium.devtools.CdpVersionFinder findNearestMatch
WARNING: Unable to find an exact match for CDP version 118, so returning the closest version found: 115
]]></system-err>
  </testcase>
  <testcase name="weeklyAvailabilityDisplayed_when_userUpdateTheData" classname="SeleniumTests.ProfileManagementTests" time="0">
    <skipped message="public void SeleniumTests.ProfileManagementTests.weeklyAvailabilityDisplayed_when_userUpdateTheData() is @Disabled"/>
  </testcase>
  <testcase name="errorMessageDisplayed_when_fillBirthdateWithFutureDate" classname="SeleniumTests.ProfileManagementTests" time="0">
    <skipped message="public void SeleniumTests.ProfileManagementTests.errorMessageDisplayed_when_fillBirthdateWithFutureDate() is @Disabled"/>
  </testcase>
</testsuite>