<?xml version="1.0" encoding="UTF-8"?>
<testsuite xmlns:xsi="http://www.w3.org/2001/XMLSchema-instance" xsi:noNamespaceSchemaLocation="https://maven.apache.org/surefire/maven-surefire-plugin/xsd/surefire-test-report-3.0.xsd" version="3.0" name="SeleniumTests.LoginTests" time="14.104" tests="3" errors="0" skipped="0" failures="0">
  <properties>
[...]
</properties>
  <testcase name="errorMessageDisplayed_when_enterInvalidPassword" classname="SeleniumTests.LoginTests" time="3.267">
    <system-out><![CDATA[&amp#27;[34m========================================================================&amp#27;[0m
Create user request body: 
{
  "authorities": [
    "ROLE_USER"
  ],
  "category": {
    "id": 105
  },
  "confirmPassword": "tlww9bzd9l",
  "email": "Demetrice@hotmail.com",
  "password": "tlww9bzd9l",
  "username": "Demetrice"
}

&amp#27;[32mUser with name Demetrice and id 703 was created&amp#27;[0m
&amp#27;[34m========================================================================&amp#27;[0m
]]></system-out>
    <system-err><![CDATA[Oct 18, 2023 3:14:33 AM org.openqa.selenium.devtools.CdpVersionFinder findNearestMatch
WARNING: Unable to find an exact match for CDP version 118, so returning the closest version found: 115
]]></system-err>
  </testcase>
  <testcase name="userSuccessfullyLogout_when_clickLogoutButton" classname="SeleniumTests.LoginTests" time="7.099">
    <system-out><![CDATA[&amp#27;[34m========================================================================&amp#27;[0m
Create user request body: 
{
  "authorities": [
    "ROLE_USER"
  ],
  "category": {
    "id": 145
  },
  "confirmPassword": "3jlvhqjqq",
  "email": "Lonny@gmail.com",
  "password": "3jlvhqjqq",
  "username": "Lonny"
}

&amp#27;[32mUser with name Lonny and id 704 was created&amp#27;[0m
&amp#27;[34m========================================================================&amp#27;[0m
]]></system-out>
    <system-err><![CDATA[Oct 18, 2023 3:14:36 AM org.openqa.selenium.devtools.CdpVersionFinder findNearestMatch
WARNING: Unable to find an exact match for CDP version 118, so returning the closest version found: 115
]]></system-err>
  </testcase>
  <testcase name="userSuccessfullyLogin_when_enterValidCredentials" classname="SeleniumTests.LoginTests" time="3.737">
    <system-out><![CDATA[&amp#27;[34m========================================================================&amp#27;[0m
Create user request body: 
{
  "authorities": [
    "ROLE_USER"
  ],
  "category": {
    "id": 128
  },
  "confirmPassword": "bz2qmo34nwys",
  "email": "Dayna@hotmail.com",
  "password": "bz2qmo34nwys",
  "username": "Dayna"
}

&amp#27;[32mUser with name Dayna and id 705 was created&amp#27;[0m
&amp#27;[34m========================================================================&amp#27;[0m
]]></system-out>
    <system-err><![CDATA[Oct 18, 2023 3:14:43 AM org.openqa.selenium.devtools.CdpVersionFinder findNearestMatch
WARNING: Unable to find an exact match for CDP version 118, so returning the closest version found: 115
]]></system-err>
  </testcase>
</testsuite>